[2024-11-19 14:15:42,331][train_rotation][INFO] - Updated log_loss_frequency from 2 (images) to 1 (steps).
[2024-11-19 14:15:42,332][train_rotation][INFO] - Updated validation_frequency from 10 (images) to 1 (steps).
[2024-11-19 14:15:42,332][train_rotation][INFO] - Updated save_checkpoint_frequency from 10 (images) to 1 (steps).
[2024-11-19 14:15:42,414][train_rotation][INFO] - Device: cuda:1, CPU Count: 32
[2024-11-19 14:15:42,486][timm.models._builder][INFO] - Loading pretrained weights from Hugging Face hub (timm/resnet18.a1_in1k)
[2024-11-19 14:15:42,837][timm.models._hub][INFO] - [timm/resnet18.a1_in1k] Safe alternative available for 'pytorch_model.bin' (as 'model.safetensors'). Loading weights using safetensors.
[2024-11-19 14:15:42,843][timm.models._builder][INFO] - Missing keys (fc.weight, fc.bias) discovered while loading pretrained weights. This is expected if model is being adapted.
[2024-11-19 14:15:44,513][train_rotation][INFO] - [Starting Epoch 0]
[2024-11-19 14:15:48,057][train_rotation][INFO] - Best Checkpoint saved with score: 0.6542559266090393
[2024-11-19 14:15:50,044][train_rotation][INFO] - [Starting Epoch 1]
[2024-11-19 14:15:52,597][train_rotation][INFO] - Best Checkpoint saved with score: 0.43665817379951477
[2024-11-19 14:15:55,037][train_rotation][INFO] - Best Checkpoint saved with score: 0.43335720896720886
[2024-11-19 14:15:57,240][train_rotation][INFO] - Best Checkpoint saved with score: 0.40417852997779846
[2024-11-19 14:15:57,290][train_rotation][INFO] - [Starting Epoch 2]
[2024-11-19 14:16:00,147][train_rotation][INFO] - Best Checkpoint saved with score: 0.1877528876066208
[2024-11-19 14:16:02,292][train_rotation][INFO] - Best Checkpoint saved with score: 0.1346675157546997
[2024-11-19 14:16:04,264][train_rotation][INFO] - [Starting Epoch 3]
[2024-11-19 14:16:06,872][train_rotation][INFO] - Best Checkpoint saved with score: 0.06456633657217026
[2024-11-19 14:16:09,006][train_rotation][INFO] - Best Checkpoint saved with score: 0.01108928956091404
[2024-11-19 14:16:11,224][train_rotation][INFO] - Best Checkpoint saved with score: 0.009911572560667992
[2024-11-19 14:16:11,294][train_rotation][INFO] - [Starting Epoch 4]
[2024-11-19 14:16:15,833][train_rotation][INFO] - Best Checkpoint saved with score: 0.000847495801281184
[2024-11-19 14:16:17,786][train_rotation][INFO] - [Starting Epoch 5]
[2024-11-19 14:16:22,520][train_rotation][INFO] - Best Checkpoint saved with score: 1.0207079867541324e-05
