[2024-11-19 14:21:20,150][train][INFO] - Updated log_loss_frequency from 2 (images) to 1 (steps).
[2024-11-19 14:21:20,150][train][INFO] - Updated validation_frequency from 10 (images) to 1 (steps).
[2024-11-19 14:21:20,150][train][INFO] - Updated save_checkpoint_frequency from 10 (images) to 1 (steps).
[2024-11-19 14:21:20,237][train][INFO] - Device: cuda:1, CPU Count: 32
[2024-11-19 14:21:20,311][timm.models._builder][INFO] - Loading pretrained weights from Hugging Face hub (timm/resnet18.a1_in1k)
[2024-11-19 14:21:20,503][timm.models._hub][INFO] - [timm/resnet18.a1_in1k] Safe alternative available for 'pytorch_model.bin' (as 'model.safetensors'). Loading weights using safetensors.
[2024-11-19 14:21:20,509][timm.models._builder][INFO] - Missing keys (fc.weight, fc.bias) discovered while loading pretrained weights. This is expected if model is being adapted.
[2024-11-19 14:21:22,035][train][INFO] - [Starting Epoch 0]
[2024-11-19 14:21:25,544][train][INFO] - Best Checkpoint saved with score: 0.6542533934116364
[2024-11-19 14:21:27,473][train][INFO] - [Starting Epoch 1]
[2024-11-19 14:21:29,912][train][INFO] - Best Checkpoint saved with score: 0.43215930461883545
[2024-11-19 14:21:33,916][train][INFO] - Best Checkpoint saved with score: 0.4191005825996399
[2024-11-19 14:21:33,973][train][INFO] - [Starting Epoch 2]
[2024-11-19 14:21:36,614][train][INFO] - Best Checkpoint saved with score: 0.15298865735530853
[2024-11-19 14:21:40,823][train][INFO] - Best Checkpoint saved with score: 0.10789165645837784
[2024-11-19 14:21:40,883][train][INFO] - [Starting Epoch 3]
[2024-11-19 14:21:45,524][train][INFO] - Best Checkpoint saved with score: 0.019945578649640083
[2024-11-19 14:21:47,655][train][INFO] - [Starting Epoch 4]
[2024-11-19 14:21:50,222][train][INFO] - Best Checkpoint saved with score: 0.013653235509991646
[2024-11-19 14:21:52,405][train][INFO] - Best Checkpoint saved with score: 0.0005785571993328631
